<?xml version="1.0" encoding="UTF-8"?>
<testsuite xmlns:xsi="http://www.w3.org/2001/XMLSchema-instance" xsi:noNamespaceSchemaLocation="https://maven.apache.org/surefire/maven-surefire-plugin/xsd/surefire-test-report.xsd" name="com.objis.demomaven.AppTest" time="0.028" tests="1" errors="0" skipped="0" failures="0">
  <properties>
    <property name="java.specification.version" value="15"/>
    <property name="sun.cpu.isalist" value="amd64"/>
    <property name="sun.jnu.encoding" value="Cp1252"/>
    <property name="java.class.path" value="C:\Users\33664\Desktop\Ensup\M1\Info\formationMaven\TPs\TP6\monappli\monappli-dao\target\test-classes;C:\Users\33664\Desktop\Ensup\M1\Info\formationMaven\TPs\TP6\monappli\monappli-dao\target\classes;C:\Users\33664\.m2\repository\junit\junit\4.11\junit-4.11.jar;C:\Users\33664\.m2\repository\org\hamcrest\hamcrest-core\1.3\hamcrest-core-1.3.jar;C:\Users\33664\.m2\repository\com\objis\demomaven\monappli-domaine\1.0-SNAPSHOT\monappli-domaine-1.0-SNAPSHOT.jar;C:\Users\33664\.m2\repository\org\hibernate\hibernate-core\4.2.21.Final\hibernate-core-4.2.21.Final.jar;C:\Users\33664\.m2\repository\antlr\antlr\2.7.7\antlr-2.7.7.jar;C:\Users\33664\.m2\repository\org\jboss\logging\jboss-logging\3.1.0.GA\jboss-logging-3.1.0.GA.jar;C:\Users\33664\.m2\repository\dom4j\dom4j\1.6.1\dom4j-1.6.1.jar;C:\Users\33664\.m2\repository\org\javassist\javassist\3.18.1-GA\javassist-3.18.1-GA.jar;C:\Users\33664\.m2\repository\org\jboss\spec\javax\transaction\jboss-transaction-api_1.1_spec\1.0.1.Final\jboss-transaction-api_1.1_spec-1.0.1.Final.jar;C:\Users\33664\.m2\repository\org\hibernate\javax\persistence\hibernate-jpa-2.0-api\1.0.1.Final\hibernate-jpa-2.0-api-1.0.1.Final.jar;C:\Users\33664\.m2\repository\org\hibernate\common\hibernate-commons-annotations\4.0.2.Final\hibernate-commons-annotations-4.0.2.Final.jar;"/>
    <property name="java.vm.vendor" value="Oracle Corporation"/>
    <property name="sun.arch.data.model" value="64"/>
    <property name="user.variant" value=""/>
    <property name="java.vendor.url" value="https://java.oracle.com/"/>
    <property name="user.timezone" value="GMT+01:00"/>
    <property name="os.name" value="Windows 10"/>
    <property name="java.vm.specification.version" value="15"/>
    <property name="sun.java.launcher" value="SUN_STANDARD"/>
    <property name="user.country" value="FR"/>
    <property name="sun.boot.library.path" value="C:\Users\33664\.jdks\openjdk-15.0.1\bin"/>
    <property name="sun.java.command" value="C:\Users\33664\AppData\Local\Temp\surefire14793772966608897177\surefirebooter12999279204664686047.jar C:\Users\33664\AppData\Local\Temp\surefire14793772966608897177 2021-02-19T14-21-18_207-jvmRun1 surefire12445388685575724332tmp surefire_11923630880790153326tmp"/>
    <property name="jdk.debug" value="release"/>
    <property name="surefire.test.class.path" value="C:\Users\33664\Desktop\Ensup\M1\Info\formationMaven\TPs\TP6\monappli\monappli-dao\target\test-classes;C:\Users\33664\Desktop\Ensup\M1\Info\formationMaven\TPs\TP6\monappli\monappli-dao\target\classes;C:\Users\33664\.m2\repository\junit\junit\4.11\junit-4.11.jar;C:\Users\33664\.m2\repository\org\hamcrest\hamcrest-core\1.3\hamcrest-core-1.3.jar;C:\Users\33664\.m2\repository\com\objis\demomaven\monappli-domaine\1.0-SNAPSHOT\monappli-domaine-1.0-SNAPSHOT.jar;C:\Users\33664\.m2\repository\org\hibernate\hibernate-core\4.2.21.Final\hibernate-core-4.2.21.Final.jar;C:\Users\33664\.m2\repository\antlr\antlr\2.7.7\antlr-2.7.7.jar;C:\Users\33664\.m2\repository\org\jboss\logging\jboss-logging\3.1.0.GA\jboss-logging-3.1.0.GA.jar;C:\Users\33664\.m2\repository\dom4j\dom4j\1.6.1\dom4j-1.6.1.jar;C:\Users\33664\.m2\repository\org\javassist\javassist\3.18.1-GA\javassist-3.18.1-GA.jar;C:\Users\33664\.m2\repository\org\jboss\spec\javax\transaction\jboss-transaction-api_1.1_spec\1.0.1.Final\jboss-transaction-api_1.1_spec-1.0.1.Final.jar;C:\Users\33664\.m2\repository\org\hibernate\javax\persistence\hibernate-jpa-2.0-api\1.0.1.Final\hibernate-jpa-2.0-api-1.0.1.Final.jar;C:\Users\33664\.m2\repository\org\hibernate\common\hibernate-commons-annotations\4.0.2.Final\hibernate-commons-annotations-4.0.2.Final.jar;"/>
    <property name="sun.cpu.endian" value="little"/>
    <property name="user.home" value="C:\Users\33664"/>
    <property name="user.language" value="fr"/>
    <property name="java.specification.vendor" value="Oracle Corporation"/>
    <property name="java.version.date" value="2020-10-20"/>
    <property name="java.home" value="C:\Users\33664\.jdks\openjdk-15.0.1"/>
    <property name="file.separator" value="\"/>
    <property name="basedir" value="C:\Users\33664\Desktop\Ensup\M1\Info\formationMaven\TPs\TP6\monappli\monappli-dao"/>
    <property name="java.vm.compressedOopsMode" value="Zero based"/>
    <property name="line.separator" value="&#10;"/>
    <property name="java.vm.specification.vendor" value="Oracle Corporation"/>
    <property name="java.specification.name" value="Java Platform API Specification"/>
    <property name="surefire.real.class.path" value="C:\Users\33664\AppData\Local\Temp\surefire14793772966608897177\surefirebooter12999279204664686047.jar"/>
    <property name="user.script" value=""/>
    <property name="sun.management.compiler" value="HotSpot 64-Bit Tiered Compilers"/>
    <property name="java.runtime.version" value="15.0.1+9-18"/>
    <property name="user.name" value="Flavien"/>
    <property name="path.separator" value=";"/>
    <property name="os.version" value="10.0"/>
    <property name="java.runtime.name" value="OpenJDK Runtime Environment"/>
    <property name="file.encoding" value="Cp1252"/>
    <property name="java.vm.name" value="OpenJDK 64-Bit Server VM"/>
    <property name="localRepository" value="C:\Users\33664\.m2\repository"/>
    <property name="java.vendor.url.bug" value="https://bugreport.java.com/bugreport/"/>
    <property name="java.io.tmpdir" value="C:\Users\33664\AppData\Local\Temp\"/>
    <property name="java.version" value="15.0.1"/>
    <property name="user.dir" value="C:\Users\33664\Desktop\Ensup\M1\Info\formationMaven\TPs\TP6\monappli\monappli-dao"/>
    <property name="os.arch" value="amd64"/>
    <property name="java.vm.specification.name" value="Java Virtual Machine Specification"/>
    <property name="sun.os.patch.level" value=""/>
    <property name="java.library.path" value="C:\Users\33664\.jdks\openjdk-15.0.1\bin;C:\Windows\Sun\Java\bin;C:\Windows\system32;C:\Windows;C:\Windows\system32;C:\Windows;C:\Windows\System32\Wbem;C:\Windows\System32\WindowsPowerShell\v1.0\;C:\Windows\System32\OpenSSH\;C:\Program Files (x86)\NVIDIA Corporation\PhysX\Common;C:\Program Files\NVIDIA Corporation\NVIDIA NvDLISR;C:\xampp\php;C:\composer;C:\Program Files\Git\cmd;C:\Program Files\PuTTY\;C:\Program Files\Symfony;C:\Program Files\nodejs\;C:\Users\33664\.jdks\openjdk-15.0.1\bin;C:\Users\33664\Desktop\DÃ©veloppement\flutter\flutter_windows_1.22.5-stable\flutter\bin;C:\Users\33664\AppData\Local\Microsoft\WindowsApps;C:\Users\33664\AppData\Roaming\Composer\vendor\bin;C:\Users\33664\AppData\Local\Programs\Microsoft VS Code\bin;C:\Users\33664\AppData\Roaming\npm;C:\Users\33664\.jdks\openjdk-15.0.1\bin;C:\Program Files\apache-maven-3.6.3\bin;;."/>
    <property name="java.vm.info" value="mixed mode, sharing"/>
    <property name="java.vendor" value="Oracle Corporation"/>
    <property name="java.vm.version" value="15.0.1+9-18"/>
    <property name="sun.io.unicode.encoding" value="UnicodeLittle"/>
    <property name="java.class.version" value="59.0"/>
  </properties>
  <testcase name="shouldAnswerWithTrue" classname="com.objis.demomaven.AppTest" time="0"/>
</testsuite>